<?xml version="1.0" encoding="UTF-8"?>
<testsuite xmlns:xsi="http://www.w3.org/2001/XMLSchema-instance" xsi:noNamespaceSchemaLocation="https://maven.apache.org/surefire/maven-surefire-plugin/xsd/surefire-test-report-3.0.xsd" version="3.0" name="com.rum.rum.app.RumAppApplicationTests" time="2.506" tests="1" errors="0" skipped="0" failures="0">
  <properties>
[...]
</properties>
  <testcase name="contextLoads" classname="com.rum.rum.app.RumAppApplicationTests" time="0.288">
    <system-out><![CDATA[18:11:54.771 [main] INFO org.springframework.test.context.support.AnnotationConfigContextLoaderUtils -- Could not detect default configuration classes for test class [com.rum.rum.app.RumAppApplicationTests]: RumAppApplicationTests does not declare any static, non-private, non-final, nested classes annotated with @Configuration.
18:11:54.824 [main] INFO org.springframework.boot.test.context.SpringBootTestContextBootstrapper -- Found @SpringBootConfiguration com.rum.rum.app.RumAppApplication for test class com.rum.rum.app.RumAppApplicationTests

  .   ____          _            __ _ _
 /\\ / ___'_ __ _ _(_)_ __  __ _ \ \ \ \
( ( )\___ | '_ | '_| | '_ \/ _` | \ \ \ \
 \\/  ___)| |_)| | | | | || (_| |  ) ) ) )
  '  |____| .__|_| |_|_| |_\__, | / / / /
 =========|_|==============|___/=/_/_/_/
 :: Spring Boot ::                (v3.2.1)

2023-12-31T18:11:55.003+01:00  INFO 32165 --- [           main] com.rum.rum.app.RumAppApplicationTests   : Starting RumAppApplicationTests using Java 17.0.8.1 with PID 32165 (started by janmoudry in /Users/janmoudry/Documents/real_projects/rum_app)
2023-12-31T18:11:55.003+01:00  INFO 32165 --- [           main] com.rum.rum.app.RumAppApplicationTests   : No active profile set, falling back to 1 default profile: "default"
2023-12-31T18:11:55.265+01:00  INFO 32165 --- [           main] .s.d.r.c.RepositoryConfigurationDelegate : Bootstrapping Spring Data JPA repositories in DEFAULT mode.
2023-12-31T18:11:55.296+01:00  INFO 32165 --- [           main] .s.d.r.c.RepositoryConfigurationDelegate : Finished Spring Data repository scanning in 26 ms. Found 1 JPA repository interface.
2023-12-31T18:11:55.582+01:00  INFO 32165 --- [           main] com.zaxxer.hikari.HikariDataSource       : HikariPool-1 - Starting...
2023-12-31T18:11:55.642+01:00  INFO 32165 --- [           main] com.zaxxer.hikari.pool.HikariPool        : HikariPool-1 - Added connection org.postgresql.jdbc.PgConnection@daf22f0
2023-12-31T18:11:55.643+01:00  INFO 32165 --- [           main] com.zaxxer.hikari.HikariDataSource       : HikariPool-1 - Start completed.
2023-12-31T18:11:55.683+01:00  INFO 32165 --- [           main] o.f.c.internal.license.VersionPrinter    : Flyway Community Edition 9.22.3 by Redgate
2023-12-31T18:11:55.683+01:00  INFO 32165 --- [           main] o.f.c.internal.license.VersionPrinter    : See release notes here: https://rd.gt/416ObMi
2023-12-31T18:11:55.683+01:00  INFO 32165 --- [           main] o.f.c.internal.license.VersionPrinter    : 
2023-12-31T18:11:55.689+01:00  INFO 32165 --- [           main] org.flywaydb.core.FlywayExecutor         : Database: jdbc:postgresql://localhost:5432/rum_app (PostgreSQL 14.9)
2023-12-31T18:11:55.712+01:00  INFO 32165 --- [           main] o.f.core.internal.command.DbValidate     : Successfully validated 1 migration (execution time 00:00.013s)
2023-12-31T18:11:55.724+01:00  INFO 32165 --- [           main] o.f.core.internal.command.DbMigrate      : Current version of schema "public": 1
2023-12-31T18:11:55.725+01:00  INFO 32165 --- [           main] o.f.core.internal.command.DbMigrate      : Schema "public" is up to date. No migration necessary.
2023-12-31T18:11:55.762+01:00  INFO 32165 --- [           main] o.hibernate.jpa.internal.util.LogHelper  : HHH000204: Processing PersistenceUnitInfo [name: default]
2023-12-31T18:11:55.810+01:00  INFO 32165 --- [           main] org.hibernate.Version                    : HHH000412: Hibernate ORM core version 6.4.1.Final
2023-12-31T18:11:55.828+01:00  INFO 32165 --- [           main] o.h.c.internal.RegionFactoryInitiator    : HHH000026: Second-level cache disabled
2023-12-31T18:11:55.966+01:00  INFO 32165 --- [           main] o.s.o.j.p.SpringPersistenceUnitInfo      : No LoadTimeWeaver setup: ignoring JPA class transformer
2023-12-31T18:11:56.468+01:00  INFO 32165 --- [           main] o.h.e.t.j.p.i.JtaPlatformInitiator       : HHH000489: No JTA platform available (set 'hibernate.transaction.jta.platform' to enable JTA platform integration)
2023-12-31T18:11:56.469+01:00  INFO 32165 --- [           main] j.LocalContainerEntityManagerFactoryBean : Initialized JPA EntityManagerFactory for persistence unit 'default'
2023-12-31T18:11:56.719+01:00  WARN 32165 --- [           main] JpaBaseConfiguration$JpaWebConfiguration : spring.jpa.open-in-view is enabled by default. Therefore, database queries may be performed during view rendering. Explicitly configure spring.jpa.open-in-view to disable this warning
2023-12-31T18:11:56.883+01:00  INFO 32165 --- [           main] com.rum.rum.app.RumAppApplicationTests   : Started RumAppApplicationTests in 1.996 seconds (process running for 2.473)
]]></system-out>
  </testcase>
</testsuite>